2021-09-03 11:49:50 - __main__ - INFO - main : 10 - Starting application.
2021-09-03 11:49:50 - game.board - DEBUG - board : 46 - Set fen to rnbqkbnr/pppppppp/8/8/8/8/PPPPPPPP/RNBQKBNR w KQkq - 0 1 in Board.
2021-09-03 11:49:50 - game.square - DEBUG - square : 41 - Set pos to (1, 1) in Square on pos a1.
2021-09-03 11:49:50 - game.square - DEBUG - square : 41 - Set board to <game.board.Board object at 0x0000014D644EDFA0> in Square on pos a1.
2021-09-03 11:49:50 - game.square - DEBUG - square : 41 - Set file to 1 in Square on pos a1.
2021-09-03 11:49:50 - game.square - DEBUG - square : 41 - Set rank to 1 in Square on pos a1.
2021-09-03 11:49:50 - game.square - DEBUG - square : 41 - Set piece to None in Square on pos a1.
2021-09-03 11:49:50 - game.square - DEBUG - square : 41 - Set pos to (1, 2) in Square on pos a2.
2021-09-03 11:49:50 - game.square - DEBUG - square : 41 - Set board to <game.board.Board object at 0x0000014D644EDFA0> in Square on pos a2.
2021-09-03 11:49:50 - game.square - DEBUG - square : 41 - Set file to 1 in Square on pos a2.
2021-09-03 11:49:50 - game.square - DEBUG - square : 41 - Set rank to 2 in Square on pos a2.
2021-09-03 11:49:50 - game.square - DEBUG - square : 41 - Set piece to None in Square on pos a2.
2021-09-03 11:49:50 - game.square - DEBUG - square : 41 - Set pos to (1, 3) in Square on pos a3.
2021-09-03 11:49:50 - game.square - DEBUG - square : 41 - Set board to <game.board.Board object at 0x0000014D644EDFA0> in Square on pos a3.
2021-09-03 11:49:50 - game.square - DEBUG - square : 41 - Set file to 1 in Square on pos a3.
2021-09-03 11:49:50 - game.square - DEBUG - square : 41 - Set rank to 3 in Square on pos a3.
2021-09-03 11:49:50 - game.square - DEBUG - square : 41 - Set piece to None in Square on pos a3.
2021-09-03 11:49:50 - game.square - DEBUG - square : 41 - Set pos to (1, 4) in Square on pos a4.
2021-09-03 11:49:50 - game.square - DEBUG - square : 41 - Set board to <game.board.Board object at 0x0000014D644EDFA0> in Square on pos a4.
2021-09-03 11:49:50 - game.square - DEBUG - square : 41 - Set file to 1 in Square on pos a4.
2021-09-03 11:49:50 - game.square - DEBUG - square : 41 - Set rank to 4 in Square on pos a4.
2021-09-03 11:49:50 - game.square - DEBUG - square : 41 - Set piece to None in Square on pos a4.
2021-09-03 11:49:50 - game.square - DEBUG - square : 41 - Set pos to (1, 5) in Square on pos a5.
2021-09-03 11:49:50 - game.square - DEBUG - square : 41 - Set board to <game.board.Board object at 0x0000014D644EDFA0> in Square on pos a5.
2021-09-03 11:49:50 - game.square - DEBUG - square : 41 - Set file to 1 in Square on pos a5.
2021-09-03 11:49:50 - game.square - DEBUG - square : 41 - Set rank to 5 in Square on pos a5.
2021-09-03 11:49:50 - game.square - DEBUG - square : 41 - Set piece to None in Square on pos a5.
2021-09-03 11:49:50 - game.square - DEBUG - square : 41 - Set pos to (1, 6) in Square on pos a6.
2021-09-03 11:49:50 - game.square - DEBUG - square : 41 - Set board to <game.board.Board object at 0x0000014D644EDFA0> in Square on pos a6.
2021-09-03 11:49:50 - game.square - DEBUG - square : 41 - Set file to 1 in Square on pos a6.
2021-09-03 11:49:50 - game.square - DEBUG - square : 41 - Set rank to 6 in Square on pos a6.
2021-09-03 11:49:50 - game.square - DEBUG - square : 41 - Set piece to None in Square on pos a6.
2021-09-03 11:49:50 - game.square - DEBUG - square : 41 - Set pos to (1, 7) in Square on pos a7.
2021-09-03 11:49:50 - game.square - DEBUG - square : 41 - Set board to <game.board.Board object at 0x0000014D644EDFA0> in Square on pos a7.
2021-09-03 11:49:50 - game.square - DEBUG - square : 41 - Set file to 1 in Square on pos a7.
2021-09-03 11:49:50 - game.square - DEBUG - square : 41 - Set rank to 7 in Square on pos a7.
2021-09-03 11:49:50 - game.square - DEBUG - square : 41 - Set piece to None in Square on pos a7.
2021-09-03 11:49:50 - game.square - DEBUG - square : 41 - Set pos to (1, 8) in Square on pos a8.
2021-09-03 11:49:50 - game.square - DEBUG - square : 41 - Set board to <game.board.Board object at 0x0000014D644EDFA0> in Square on pos a8.
2021-09-03 11:49:50 - game.square - DEBUG - square : 41 - Set file to 1 in Square on pos a8.
2021-09-03 11:49:50 - game.square - DEBUG - square : 41 - Set rank to 8 in Square on pos a8.
2021-09-03 11:49:50 - game.square - DEBUG - square : 41 - Set piece to None in Square on pos a8.
2021-09-03 11:49:50 - game.square - DEBUG - square : 41 - Set pos to (2, 1) in Square on pos b1.
2021-09-03 11:49:50 - game.square - DEBUG - square : 41 - Set board to <game.board.Board object at 0x0000014D644EDFA0> in Square on pos b1.
2021-09-03 11:49:50 - game.square - DEBUG - square : 41 - Set file to 2 in Square on pos b1.
2021-09-03 11:49:50 - game.square - DEBUG - square : 41 - Set rank to 1 in Square on pos b1.
2021-09-03 11:49:50 - game.square - DEBUG - square : 41 - Set piece to None in Square on pos b1.
2021-09-03 11:49:50 - game.square - DEBUG - square : 41 - Set pos to (2, 2) in Square on pos b2.
2021-09-03 11:49:50 - game.square - DEBUG - square : 41 - Set board to <game.board.Board object at 0x0000014D644EDFA0> in Square on pos b2.
2021-09-03 11:49:50 - game.square - DEBUG - square : 41 - Set file to 2 in Square on pos b2.
2021-09-03 11:49:50 - game.square - DEBUG - square : 41 - Set rank to 2 in Square on pos b2.
2021-09-03 11:49:50 - game.square - DEBUG - square : 41 - Set piece to None in Square on pos b2.
2021-09-03 11:49:50 - game.square - DEBUG - square : 41 - Set pos to (2, 3) in Square on pos b3.
2021-09-03 11:49:50 - game.square - DEBUG - square : 41 - Set board to <game.board.Board object at 0x0000014D644EDFA0> in Square on pos b3.
2021-09-03 11:49:50 - game.square - DEBUG - square : 41 - Set file to 2 in Square on pos b3.
2021-09-03 11:49:50 - game.square - DEBUG - square : 41 - Set rank to 3 in Square on pos b3.
2021-09-03 11:49:50 - game.square - DEBUG - square : 41 - Set piece to None in Square on pos b3.
2021-09-03 11:49:50 - game.square - DEBUG - square : 41 - Set pos to (2, 4) in Square on pos b4.
2021-09-03 11:49:50 - game.square - DEBUG - square : 41 - Set board to <game.board.Board object at 0x0000014D644EDFA0> in Square on pos b4.
2021-09-03 11:49:50 - game.square - DEBUG - square : 41 - Set file to 2 in Square on pos b4.
2021-09-03 11:49:50 - game.square - DEBUG - square : 41 - Set rank to 4 in Square on pos b4.
2021-09-03 11:49:50 - game.square - DEBUG - square : 41 - Set piece to None in Square on pos b4.
2021-09-03 11:49:50 - game.square - DEBUG - square : 41 - Set pos to (2, 5) in Square on pos b5.
2021-09-03 11:49:50 - game.square - DEBUG - square : 41 - Set board to <game.board.Board object at 0x0000014D644EDFA0> in Square on pos b5.
2021-09-03 11:49:50 - game.square - DEBUG - square : 41 - Set file to 2 in Square on pos b5.
2021-09-03 11:49:50 - game.square - DEBUG - square : 41 - Set rank to 5 in Square on pos b5.
2021-09-03 11:49:50 - game.square - DEBUG - square : 41 - Set piece to None in Square on pos b5.
2021-09-03 11:49:50 - game.square - DEBUG - square : 41 - Set pos to (2, 6) in Square on pos b6.
2021-09-03 11:49:50 - game.square - DEBUG - square : 41 - Set board to <game.board.Board object at 0x0000014D644EDFA0> in Square on pos b6.
2021-09-03 11:49:50 - game.square - DEBUG - square : 41 - Set file to 2 in Square on pos b6.
2021-09-03 11:49:50 - game.square - DEBUG - square : 41 - Set rank to 6 in Square on pos b6.
2021-09-03 11:49:50 - game.square - DEBUG - square : 41 - Set piece to None in Square on pos b6.
2021-09-03 11:49:50 - game.square - DEBUG - square : 41 - Set pos to (2, 7) in Square on pos b7.
2021-09-03 11:49:50 - game.square - DEBUG - square : 41 - Set board to <game.board.Board object at 0x0000014D644EDFA0> in Square on pos b7.
2021-09-03 11:49:50 - game.square - DEBUG - square : 41 - Set file to 2 in Square on pos b7.
2021-09-03 11:49:50 - game.square - DEBUG - square : 41 - Set rank to 7 in Square on pos b7.
2021-09-03 11:49:50 - game.square - DEBUG - square : 41 - Set piece to None in Square on pos b7.
2021-09-03 11:49:50 - game.square - DEBUG - square : 41 - Set pos to (2, 8) in Square on pos b8.
2021-09-03 11:49:50 - game.square - DEBUG - square : 41 - Set board to <game.board.Board object at 0x0000014D644EDFA0> in Square on pos b8.
2021-09-03 11:49:50 - game.square - DEBUG - square : 41 - Set file to 2 in Square on pos b8.
2021-09-03 11:49:50 - game.square - DEBUG - square : 41 - Set rank to 8 in Square on pos b8.
2021-09-03 11:49:50 - game.square - DEBUG - square : 41 - Set piece to None in Square on pos b8.
2021-09-03 11:49:50 - game.square - DEBUG - square : 41 - Set pos to (3, 1) in Square on pos c1.
2021-09-03 11:49:50 - game.square - DEBUG - square : 41 - Set board to <game.board.Board object at 0x0000014D644EDFA0> in Square on pos c1.
2021-09-03 11:49:50 - game.square - DEBUG - square : 41 - Set file to 3 in Square on pos c1.
2021-09-03 11:49:50 - game.square - DEBUG - square : 41 - Set rank to 1 in Square on pos c1.
2021-09-03 11:49:50 - game.square - DEBUG - square : 41 - Set piece to None in Square on pos c1.
2021-09-03 11:49:50 - game.square - DEBUG - square : 41 - Set pos to (3, 2) in Square on pos c2.
2021-09-03 11:49:50 - game.square - DEBUG - square : 41 - Set board to <game.board.Board object at 0x0000014D644EDFA0> in Square on pos c2.
2021-09-03 11:49:50 - game.square - DEBUG - square : 41 - Set file to 3 in Square on pos c2.
2021-09-03 11:49:50 - game.square - DEBUG - square : 41 - Set rank to 2 in Square on pos c2.
2021-09-03 11:49:50 - game.square - DEBUG - square : 41 - Set piece to None in Square on pos c2.
2021-09-03 11:49:50 - game.square - DEBUG - square : 41 - Set pos to (3, 3) in Square on pos c3.
2021-09-03 11:49:50 - game.square - DEBUG - square : 41 - Set board to <game.board.Board object at 0x0000014D644EDFA0> in Square on pos c3.
2021-09-03 11:49:50 - game.square - DEBUG - square : 41 - Set file to 3 in Square on pos c3.
2021-09-03 11:49:50 - game.square - DEBUG - square : 41 - Set rank to 3 in Square on pos c3.
2021-09-03 11:49:50 - game.square - DEBUG - square : 41 - Set piece to None in Square on pos c3.
2021-09-03 11:49:50 - game.square - DEBUG - square : 41 - Set pos to (3, 4) in Square on pos c4.
2021-09-03 11:49:50 - game.square - DEBUG - square : 41 - Set board to <game.board.Board object at 0x0000014D644EDFA0> in Square on pos c4.
2021-09-03 11:49:50 - game.square - DEBUG - square : 41 - Set file to 3 in Square on pos c4.
2021-09-03 11:49:50 - game.square - DEBUG - square : 41 - Set rank to 4 in Square on pos c4.
2021-09-03 11:49:50 - game.square - DEBUG - square : 41 - Set piece to None in Square on pos c4.
2021-09-03 11:49:50 - game.square - DEBUG - square : 41 - Set pos to (3, 5) in Square on pos c5.
2021-09-03 11:49:50 - game.square - DEBUG - square : 41 - Set board to <game.board.Board object at 0x0000014D644EDFA0> in Square on pos c5.
2021-09-03 11:49:50 - game.square - DEBUG - square : 41 - Set file to 3 in Square on pos c5.
2021-09-03 11:49:50 - game.square - DEBUG - square : 41 - Set rank to 5 in Square on pos c5.
2021-09-03 11:49:50 - game.square - DEBUG - square : 41 - Set piece to None in Square on pos c5.
2021-09-03 11:49:50 - game.square - DEBUG - square : 41 - Set pos to (3, 6) in Square on pos c6.
2021-09-03 11:49:50 - game.square - DEBUG - square : 41 - Set board to <game.board.Board object at 0x0000014D644EDFA0> in Square on pos c6.
2021-09-03 11:49:50 - game.square - DEBUG - square : 41 - Set file to 3 in Square on pos c6.
2021-09-03 11:49:50 - game.square - DEBUG - square : 41 - Set rank to 6 in Square on pos c6.
2021-09-03 11:49:50 - game.square - DEBUG - square : 41 - Set piece to None in Square on pos c6.
2021-09-03 11:49:50 - game.square - DEBUG - square : 41 - Set pos to (3, 7) in Square on pos c7.
2021-09-03 11:49:50 - game.square - DEBUG - square : 41 - Set board to <game.board.Board object at 0x0000014D644EDFA0> in Square on pos c7.
2021-09-03 11:49:50 - game.square - DEBUG - square : 41 - Set file to 3 in Square on pos c7.
2021-09-03 11:49:50 - game.square - DEBUG - square : 41 - Set rank to 7 in Square on pos c7.
2021-09-03 11:49:50 - game.square - DEBUG - square : 41 - Set piece to None in Square on pos c7.
2021-09-03 11:49:50 - game.square - DEBUG - square : 41 - Set pos to (3, 8) in Square on pos c8.
2021-09-03 11:49:50 - game.square - DEBUG - square : 41 - Set board to <game.board.Board object at 0x0000014D644EDFA0> in Square on pos c8.
2021-09-03 11:49:50 - game.square - DEBUG - square : 41 - Set file to 3 in Square on pos c8.
2021-09-03 11:49:50 - game.square - DEBUG - square : 41 - Set rank to 8 in Square on pos c8.
2021-09-03 11:49:50 - game.square - DEBUG - square : 41 - Set piece to None in Square on pos c8.
2021-09-03 11:49:50 - game.square - DEBUG - square : 41 - Set pos to (4, 1) in Square on pos d1.
2021-09-03 11:49:50 - game.square - DEBUG - square : 41 - Set board to <game.board.Board object at 0x0000014D644EDFA0> in Square on pos d1.
2021-09-03 11:49:50 - game.square - DEBUG - square : 41 - Set file to 4 in Square on pos d1.
2021-09-03 11:49:50 - game.square - DEBUG - square : 41 - Set rank to 1 in Square on pos d1.
2021-09-03 11:49:50 - game.square - DEBUG - square : 41 - Set piece to None in Square on pos d1.
2021-09-03 11:49:50 - game.square - DEBUG - square : 41 - Set pos to (4, 2) in Square on pos d2.
2021-09-03 11:49:50 - game.square - DEBUG - square : 41 - Set board to <game.board.Board object at 0x0000014D644EDFA0> in Square on pos d2.
2021-09-03 11:49:50 - game.square - DEBUG - square : 41 - Set file to 4 in Square on pos d2.
2021-09-03 11:49:50 - game.square - DEBUG - square : 41 - Set rank to 2 in Square on pos d2.
2021-09-03 11:49:50 - game.square - DEBUG - square : 41 - Set piece to None in Square on pos d2.
2021-09-03 11:49:50 - game.square - DEBUG - square : 41 - Set pos to (4, 3) in Square on pos d3.
2021-09-03 11:49:50 - game.square - DEBUG - square : 41 - Set board to <game.board.Board object at 0x0000014D644EDFA0> in Square on pos d3.
2021-09-03 11:49:50 - game.square - DEBUG - square : 41 - Set file to 4 in Square on pos d3.
2021-09-03 11:49:50 - game.square - DEBUG - square : 41 - Set rank to 3 in Square on pos d3.
2021-09-03 11:49:50 - game.square - DEBUG - square : 41 - Set piece to None in Square on pos d3.
2021-09-03 11:49:50 - game.square - DEBUG - square : 41 - Set pos to (4, 4) in Square on pos d4.
2021-09-03 11:49:50 - game.square - DEBUG - square : 41 - Set board to <game.board.Board object at 0x0000014D644EDFA0> in Square on pos d4.
2021-09-03 11:49:50 - game.square - DEBUG - square : 41 - Set file to 4 in Square on pos d4.
2021-09-03 11:49:50 - game.square - DEBUG - square : 41 - Set rank to 4 in Square on pos d4.
2021-09-03 11:49:50 - game.square - DEBUG - square : 41 - Set piece to None in Square on pos d4.
2021-09-03 11:49:50 - game.square - DEBUG - square : 41 - Set pos to (4, 5) in Square on pos d5.
2021-09-03 11:49:50 - game.square - DEBUG - square : 41 - Set board to <game.board.Board object at 0x0000014D644EDFA0> in Square on pos d5.
2021-09-03 11:49:50 - game.square - DEBUG - square : 41 - Set file to 4 in Square on pos d5.
2021-09-03 11:49:50 - game.square - DEBUG - square : 41 - Set rank to 5 in Square on pos d5.
2021-09-03 11:49:50 - game.square - DEBUG - square : 41 - Set piece to None in Square on pos d5.
2021-09-03 11:49:50 - game.square - DEBUG - square : 41 - Set pos to (4, 6) in Square on pos d6.
2021-09-03 11:49:50 - game.square - DEBUG - square : 41 - Set board to <game.board.Board object at 0x0000014D644EDFA0> in Square on pos d6.
2021-09-03 11:49:50 - game.square - DEBUG - square : 41 - Set file to 4 in Square on pos d6.
2021-09-03 11:49:50 - game.square - DEBUG - square : 41 - Set rank to 6 in Square on pos d6.
2021-09-03 11:49:50 - game.square - DEBUG - square : 41 - Set piece to None in Square on pos d6.
2021-09-03 11:49:50 - game.square - DEBUG - square : 41 - Set pos to (4, 7) in Square on pos d7.
2021-09-03 11:49:50 - game.square - DEBUG - square : 41 - Set board to <game.board.Board object at 0x0000014D644EDFA0> in Square on pos d7.
2021-09-03 11:49:50 - game.square - DEBUG - square : 41 - Set file to 4 in Square on pos d7.
2021-09-03 11:49:50 - game.square - DEBUG - square : 41 - Set rank to 7 in Square on pos d7.
2021-09-03 11:49:50 - game.square - DEBUG - square : 41 - Set piece to None in Square on pos d7.
2021-09-03 11:49:50 - game.square - DEBUG - square : 41 - Set pos to (4, 8) in Square on pos d8.
2021-09-03 11:49:50 - game.square - DEBUG - square : 41 - Set board to <game.board.Board object at 0x0000014D644EDFA0> in Square on pos d8.
2021-09-03 11:49:50 - game.square - DEBUG - square : 41 - Set file to 4 in Square on pos d8.
2021-09-03 11:49:50 - game.square - DEBUG - square : 41 - Set rank to 8 in Square on pos d8.
2021-09-03 11:49:50 - game.square - DEBUG - square : 41 - Set piece to None in Square on pos d8.
2021-09-03 11:49:50 - game.square - DEBUG - square : 41 - Set pos to (5, 1) in Square on pos e1.
2021-09-03 11:49:50 - game.square - DEBUG - square : 41 - Set board to <game.board.Board object at 0x0000014D644EDFA0> in Square on pos e1.
2021-09-03 11:49:50 - game.square - DEBUG - square : 41 - Set file to 5 in Square on pos e1.
2021-09-03 11:49:50 - game.square - DEBUG - square : 41 - Set rank to 1 in Square on pos e1.
2021-09-03 11:49:50 - game.square - DEBUG - square : 41 - Set piece to None in Square on pos e1.
2021-09-03 11:49:50 - game.square - DEBUG - square : 41 - Set pos to (5, 2) in Square on pos e2.
2021-09-03 11:49:50 - game.square - DEBUG - square : 41 - Set board to <game.board.Board object at 0x0000014D644EDFA0> in Square on pos e2.
2021-09-03 11:49:50 - game.square - DEBUG - square : 41 - Set file to 5 in Square on pos e2.
2021-09-03 11:49:50 - game.square - DEBUG - square : 41 - Set rank to 2 in Square on pos e2.
2021-09-03 11:49:50 - game.square - DEBUG - square : 41 - Set piece to None in Square on pos e2.
2021-09-03 11:49:50 - game.square - DEBUG - square : 41 - Set pos to (5, 3) in Square on pos e3.
2021-09-03 11:49:50 - game.square - DEBUG - square : 41 - Set board to <game.board.Board object at 0x0000014D644EDFA0> in Square on pos e3.
2021-09-03 11:49:50 - game.square - DEBUG - square : 41 - Set file to 5 in Square on pos e3.
2021-09-03 11:49:50 - game.square - DEBUG - square : 41 - Set rank to 3 in Square on pos e3.
2021-09-03 11:49:50 - game.square - DEBUG - square : 41 - Set piece to None in Square on pos e3.
2021-09-03 11:49:50 - game.square - DEBUG - square : 41 - Set pos to (5, 4) in Square on pos e4.
2021-09-03 11:49:50 - game.square - DEBUG - square : 41 - Set board to <game.board.Board object at 0x0000014D644EDFA0> in Square on pos e4.
2021-09-03 11:49:50 - game.square - DEBUG - square : 41 - Set file to 5 in Square on pos e4.
2021-09-03 11:49:50 - game.square - DEBUG - square : 41 - Set rank to 4 in Square on pos e4.
2021-09-03 11:49:50 - game.square - DEBUG - square : 41 - Set piece to None in Square on pos e4.
2021-09-03 11:49:50 - game.square - DEBUG - square : 41 - Set pos to (5, 5) in Square on pos e5.
2021-09-03 11:49:50 - game.square - DEBUG - square : 41 - Set board to <game.board.Board object at 0x0000014D644EDFA0> in Square on pos e5.
2021-09-03 11:49:50 - game.square - DEBUG - square : 41 - Set file to 5 in Square on pos e5.
2021-09-03 11:49:50 - game.square - DEBUG - square : 41 - Set rank to 5 in Square on pos e5.
2021-09-03 11:49:50 - game.square - DEBUG - square : 41 - Set piece to None in Square on pos e5.
2021-09-03 11:49:50 - game.square - DEBUG - square : 41 - Set pos to (5, 6) in Square on pos e6.
2021-09-03 11:49:50 - game.square - DEBUG - square : 41 - Set board to <game.board.Board object at 0x0000014D644EDFA0> in Square on pos e6.
2021-09-03 11:49:50 - game.square - DEBUG - square : 41 - Set file to 5 in Square on pos e6.
2021-09-03 11:49:50 - game.square - DEBUG - square : 41 - Set rank to 6 in Square on pos e6.
2021-09-03 11:49:50 - game.square - DEBUG - square : 41 - Set piece to None in Square on pos e6.
2021-09-03 11:49:50 - game.square - DEBUG - square : 41 - Set pos to (5, 7) in Square on pos e7.
2021-09-03 11:49:50 - game.square - DEBUG - square : 41 - Set board to <game.board.Board object at 0x0000014D644EDFA0> in Square on pos e7.
2021-09-03 11:49:50 - game.square - DEBUG - square : 41 - Set file to 5 in Square on pos e7.
2021-09-03 11:49:50 - game.square - DEBUG - square : 41 - Set rank to 7 in Square on pos e7.
2021-09-03 11:49:50 - game.square - DEBUG - square : 41 - Set piece to None in Square on pos e7.
2021-09-03 11:49:50 - game.square - DEBUG - square : 41 - Set pos to (5, 8) in Square on pos e8.
2021-09-03 11:49:50 - game.square - DEBUG - square : 41 - Set board to <game.board.Board object at 0x0000014D644EDFA0> in Square on pos e8.
2021-09-03 11:49:50 - game.square - DEBUG - square : 41 - Set file to 5 in Square on pos e8.
2021-09-03 11:49:50 - game.square - DEBUG - square : 41 - Set rank to 8 in Square on pos e8.
2021-09-03 11:49:50 - game.square - DEBUG - square : 41 - Set piece to None in Square on pos e8.
2021-09-03 11:49:50 - game.square - DEBUG - square : 41 - Set pos to (6, 1) in Square on pos f1.
2021-09-03 11:49:50 - game.square - DEBUG - square : 41 - Set board to <game.board.Board object at 0x0000014D644EDFA0> in Square on pos f1.
2021-09-03 11:49:50 - game.square - DEBUG - square : 41 - Set file to 6 in Square on pos f1.
2021-09-03 11:49:50 - game.square - DEBUG - square : 41 - Set rank to 1 in Square on pos f1.
2021-09-03 11:49:50 - game.square - DEBUG - square : 41 - Set piece to None in Square on pos f1.
2021-09-03 11:49:50 - game.square - DEBUG - square : 41 - Set pos to (6, 2) in Square on pos f2.
2021-09-03 11:49:50 - game.square - DEBUG - square : 41 - Set board to <game.board.Board object at 0x0000014D644EDFA0> in Square on pos f2.
2021-09-03 11:49:50 - game.square - DEBUG - square : 41 - Set file to 6 in Square on pos f2.
2021-09-03 11:49:50 - game.square - DEBUG - square : 41 - Set rank to 2 in Square on pos f2.
2021-09-03 11:49:50 - game.square - DEBUG - square : 41 - Set piece to None in Square on pos f2.
2021-09-03 11:49:50 - game.square - DEBUG - square : 41 - Set pos to (6, 3) in Square on pos f3.
2021-09-03 11:49:50 - game.square - DEBUG - square : 41 - Set board to <game.board.Board object at 0x0000014D644EDFA0> in Square on pos f3.
2021-09-03 11:49:50 - game.square - DEBUG - square : 41 - Set file to 6 in Square on pos f3.
2021-09-03 11:49:50 - game.square - DEBUG - square : 41 - Set rank to 3 in Square on pos f3.
2021-09-03 11:49:50 - game.square - DEBUG - square : 41 - Set piece to None in Square on pos f3.
2021-09-03 11:49:50 - game.square - DEBUG - square : 41 - Set pos to (6, 4) in Square on pos f4.
2021-09-03 11:49:50 - game.square - DEBUG - square : 41 - Set board to <game.board.Board object at 0x0000014D644EDFA0> in Square on pos f4.
2021-09-03 11:49:50 - game.square - DEBUG - square : 41 - Set file to 6 in Square on pos f4.
2021-09-03 11:49:50 - game.square - DEBUG - square : 41 - Set rank to 4 in Square on pos f4.
2021-09-03 11:49:50 - game.square - DEBUG - square : 41 - Set piece to None in Square on pos f4.
2021-09-03 11:49:50 - game.square - DEBUG - square : 41 - Set pos to (6, 5) in Square on pos f5.
2021-09-03 11:49:50 - game.square - DEBUG - square : 41 - Set board to <game.board.Board object at 0x0000014D644EDFA0> in Square on pos f5.
2021-09-03 11:49:50 - game.square - DEBUG - square : 41 - Set file to 6 in Square on pos f5.
2021-09-03 11:49:50 - game.square - DEBUG - square : 41 - Set rank to 5 in Square on pos f5.
2021-09-03 11:49:50 - game.square - DEBUG - square : 41 - Set piece to None in Square on pos f5.
2021-09-03 11:49:50 - game.square - DEBUG - square : 41 - Set pos to (6, 6) in Square on pos f6.
2021-09-03 11:49:50 - game.square - DEBUG - square : 41 - Set board to <game.board.Board object at 0x0000014D644EDFA0> in Square on pos f6.
2021-09-03 11:49:50 - game.square - DEBUG - square : 41 - Set file to 6 in Square on pos f6.
2021-09-03 11:49:50 - game.square - DEBUG - square : 41 - Set rank to 6 in Square on pos f6.
2021-09-03 11:49:50 - game.square - DEBUG - square : 41 - Set piece to None in Square on pos f6.
2021-09-03 11:49:50 - game.square - DEBUG - square : 41 - Set pos to (6, 7) in Square on pos f7.
2021-09-03 11:49:50 - game.square - DEBUG - square : 41 - Set board to <game.board.Board object at 0x0000014D644EDFA0> in Square on pos f7.
2021-09-03 11:49:50 - game.square - DEBUG - square : 41 - Set file to 6 in Square on pos f7.
2021-09-03 11:49:50 - game.square - DEBUG - square : 41 - Set rank to 7 in Square on pos f7.
2021-09-03 11:49:50 - game.square - DEBUG - square : 41 - Set piece to None in Square on pos f7.
2021-09-03 11:49:50 - game.square - DEBUG - square : 41 - Set pos to (6, 8) in Square on pos f8.
2021-09-03 11:49:50 - game.square - DEBUG - square : 41 - Set board to <game.board.Board object at 0x0000014D644EDFA0> in Square on pos f8.
2021-09-03 11:49:50 - game.square - DEBUG - square : 41 - Set file to 6 in Square on pos f8.
2021-09-03 11:49:50 - game.square - DEBUG - square : 41 - Set rank to 8 in Square on pos f8.
2021-09-03 11:49:50 - game.square - DEBUG - square : 41 - Set piece to None in Square on pos f8.
2021-09-03 11:49:50 - game.square - DEBUG - square : 41 - Set pos to (7, 1) in Square on pos g1.
2021-09-03 11:49:50 - game.square - DEBUG - square : 41 - Set board to <game.board.Board object at 0x0000014D644EDFA0> in Square on pos g1.
2021-09-03 11:49:50 - game.square - DEBUG - square : 41 - Set file to 7 in Square on pos g1.
2021-09-03 11:49:50 - game.square - DEBUG - square : 41 - Set rank to 1 in Square on pos g1.
2021-09-03 11:49:50 - game.square - DEBUG - square : 41 - Set piece to None in Square on pos g1.
2021-09-03 11:49:50 - game.square - DEBUG - square : 41 - Set pos to (7, 2) in Square on pos g2.
2021-09-03 11:49:50 - game.square - DEBUG - square : 41 - Set board to <game.board.Board object at 0x0000014D644EDFA0> in Square on pos g2.
2021-09-03 11:49:50 - game.square - DEBUG - square : 41 - Set file to 7 in Square on pos g2.
2021-09-03 11:49:50 - game.square - DEBUG - square : 41 - Set rank to 2 in Square on pos g2.
2021-09-03 11:49:50 - game.square - DEBUG - square : 41 - Set piece to None in Square on pos g2.
2021-09-03 11:49:50 - game.square - DEBUG - square : 41 - Set pos to (7, 3) in Square on pos g3.
2021-09-03 11:49:50 - game.square - DEBUG - square : 41 - Set board to <game.board.Board object at 0x0000014D644EDFA0> in Square on pos g3.
2021-09-03 11:49:50 - game.square - DEBUG - square : 41 - Set file to 7 in Square on pos g3.
2021-09-03 11:49:50 - game.square - DEBUG - square : 41 - Set rank to 3 in Square on pos g3.
2021-09-03 11:49:50 - game.square - DEBUG - square : 41 - Set piece to None in Square on pos g3.
2021-09-03 11:49:50 - game.square - DEBUG - square : 41 - Set pos to (7, 4) in Square on pos g4.
2021-09-03 11:49:50 - game.square - DEBUG - square : 41 - Set board to <game.board.Board object at 0x0000014D644EDFA0> in Square on pos g4.
2021-09-03 11:49:50 - game.square - DEBUG - square : 41 - Set file to 7 in Square on pos g4.
2021-09-03 11:49:50 - game.square - DEBUG - square : 41 - Set rank to 4 in Square on pos g4.
2021-09-03 11:49:50 - game.square - DEBUG - square : 41 - Set piece to None in Square on pos g4.
2021-09-03 11:49:50 - game.square - DEBUG - square : 41 - Set pos to (7, 5) in Square on pos g5.
2021-09-03 11:49:50 - game.square - DEBUG - square : 41 - Set board to <game.board.Board object at 0x0000014D644EDFA0> in Square on pos g5.
2021-09-03 11:49:50 - game.square - DEBUG - square : 41 - Set file to 7 in Square on pos g5.
2021-09-03 11:49:50 - game.square - DEBUG - square : 41 - Set rank to 5 in Square on pos g5.
2021-09-03 11:49:50 - game.square - DEBUG - square : 41 - Set piece to None in Square on pos g5.
2021-09-03 11:49:50 - game.square - DEBUG - square : 41 - Set pos to (7, 6) in Square on pos g6.
2021-09-03 11:49:50 - game.square - DEBUG - square : 41 - Set board to <game.board.Board object at 0x0000014D644EDFA0> in Square on pos g6.
2021-09-03 11:49:50 - game.square - DEBUG - square : 41 - Set file to 7 in Square on pos g6.
2021-09-03 11:49:50 - game.square - DEBUG - square : 41 - Set rank to 6 in Square on pos g6.
2021-09-03 11:49:50 - game.square - DEBUG - square : 41 - Set piece to None in Square on pos g6.
2021-09-03 11:49:50 - game.square - DEBUG - square : 41 - Set pos to (7, 7) in Square on pos g7.
2021-09-03 11:49:50 - game.square - DEBUG - square : 41 - Set board to <game.board.Board object at 0x0000014D644EDFA0> in Square on pos g7.
2021-09-03 11:49:50 - game.square - DEBUG - square : 41 - Set file to 7 in Square on pos g7.
2021-09-03 11:49:50 - game.square - DEBUG - square : 41 - Set rank to 7 in Square on pos g7.
2021-09-03 11:49:50 - game.square - DEBUG - square : 41 - Set piece to None in Square on pos g7.
2021-09-03 11:49:50 - game.square - DEBUG - square : 41 - Set pos to (7, 8) in Square on pos g8.
2021-09-03 11:49:50 - game.square - DEBUG - square : 41 - Set board to <game.board.Board object at 0x0000014D644EDFA0> in Square on pos g8.
2021-09-03 11:49:50 - game.square - DEBUG - square : 41 - Set file to 7 in Square on pos g8.
2021-09-03 11:49:50 - game.square - DEBUG - square : 41 - Set rank to 8 in Square on pos g8.
2021-09-03 11:49:50 - game.square - DEBUG - square : 41 - Set piece to None in Square on pos g8.
2021-09-03 11:49:50 - game.square - DEBUG - square : 41 - Set pos to (8, 1) in Square on pos h1.
2021-09-03 11:49:50 - game.square - DEBUG - square : 41 - Set board to <game.board.Board object at 0x0000014D644EDFA0> in Square on pos h1.
2021-09-03 11:49:50 - game.square - DEBUG - square : 41 - Set file to 8 in Square on pos h1.
2021-09-03 11:49:50 - game.square - DEBUG - square : 41 - Set rank to 1 in Square on pos h1.
2021-09-03 11:49:50 - game.square - DEBUG - square : 41 - Set piece to None in Square on pos h1.
2021-09-03 11:49:50 - game.square - DEBUG - square : 41 - Set pos to (8, 2) in Square on pos h2.
2021-09-03 11:49:50 - game.square - DEBUG - square : 41 - Set board to <game.board.Board object at 0x0000014D644EDFA0> in Square on pos h2.
2021-09-03 11:49:50 - game.square - DEBUG - square : 41 - Set file to 8 in Square on pos h2.
2021-09-03 11:49:50 - game.square - DEBUG - square : 41 - Set rank to 2 in Square on pos h2.
2021-09-03 11:49:50 - game.square - DEBUG - square : 41 - Set piece to None in Square on pos h2.
2021-09-03 11:49:50 - game.square - DEBUG - square : 41 - Set pos to (8, 3) in Square on pos h3.
2021-09-03 11:49:50 - game.square - DEBUG - square : 41 - Set board to <game.board.Board object at 0x0000014D644EDFA0> in Square on pos h3.
2021-09-03 11:49:50 - game.square - DEBUG - square : 41 - Set file to 8 in Square on pos h3.
2021-09-03 11:49:50 - game.square - DEBUG - square : 41 - Set rank to 3 in Square on pos h3.
2021-09-03 11:49:50 - game.square - DEBUG - square : 41 - Set piece to None in Square on pos h3.
2021-09-03 11:49:50 - game.square - DEBUG - square : 41 - Set pos to (8, 4) in Square on pos h4.
2021-09-03 11:49:50 - game.square - DEBUG - square : 41 - Set board to <game.board.Board object at 0x0000014D644EDFA0> in Square on pos h4.
2021-09-03 11:49:50 - game.square - DEBUG - square : 41 - Set file to 8 in Square on pos h4.
2021-09-03 11:49:50 - game.square - DEBUG - square : 41 - Set rank to 4 in Square on pos h4.
2021-09-03 11:49:50 - game.square - DEBUG - square : 41 - Set piece to None in Square on pos h4.
2021-09-03 11:49:50 - game.square - DEBUG - square : 41 - Set pos to (8, 5) in Square on pos h5.
2021-09-03 11:49:50 - game.square - DEBUG - square : 41 - Set board to <game.board.Board object at 0x0000014D644EDFA0> in Square on pos h5.
2021-09-03 11:49:50 - game.square - DEBUG - square : 41 - Set file to 8 in Square on pos h5.
2021-09-03 11:49:50 - game.square - DEBUG - square : 41 - Set rank to 5 in Square on pos h5.
2021-09-03 11:49:50 - game.square - DEBUG - square : 41 - Set piece to None in Square on pos h5.
2021-09-03 11:49:50 - game.square - DEBUG - square : 41 - Set pos to (8, 6) in Square on pos h6.
2021-09-03 11:49:50 - game.square - DEBUG - square : 41 - Set board to <game.board.Board object at 0x0000014D644EDFA0> in Square on pos h6.
2021-09-03 11:49:50 - game.square - DEBUG - square : 41 - Set file to 8 in Square on pos h6.
2021-09-03 11:49:50 - game.square - DEBUG - square : 41 - Set rank to 6 in Square on pos h6.
2021-09-03 11:49:50 - game.square - DEBUG - square : 41 - Set piece to None in Square on pos h6.
2021-09-03 11:49:50 - game.square - DEBUG - square : 41 - Set pos to (8, 7) in Square on pos h7.
2021-09-03 11:49:50 - game.square - DEBUG - square : 41 - Set board to <game.board.Board object at 0x0000014D644EDFA0> in Square on pos h7.
2021-09-03 11:49:50 - game.square - DEBUG - square : 41 - Set file to 8 in Square on pos h7.
2021-09-03 11:49:50 - game.square - DEBUG - square : 41 - Set rank to 7 in Square on pos h7.
2021-09-03 11:49:50 - game.square - DEBUG - square : 41 - Set piece to None in Square on pos h7.
2021-09-03 11:49:50 - game.square - DEBUG - square : 41 - Set pos to (8, 8) in Square on pos h8.
2021-09-03 11:49:50 - game.square - DEBUG - square : 41 - Set board to <game.board.Board object at 0x0000014D644EDFA0> in Square on pos h8.
2021-09-03 11:49:50 - game.square - DEBUG - square : 41 - Set file to 8 in Square on pos h8.
2021-09-03 11:49:50 - game.square - DEBUG - square : 41 - Set rank to 8 in Square on pos h8.
2021-09-03 11:49:50 - game.square - DEBUG - square : 41 - Set piece to None in Square on pos h8.
2021-09-03 11:49:50 - game.board - DEBUG - board : 46 - Set squares to [[a1 - null, a2 - null, a3 - null, a4 - null, a5 - null, a6 - null, a7 - null, a8 - null], [b1 - null, b2 - null, b3 - null, b4 - null, b5 - null, b6 - null, b7 - null, b8 - null], [c1 - null, c2 - null, c3 - null, c4 - null, c5 - null, c6 - null, c7 - null, c8 - null], [d1 - null, d2 - null, d3 - null, d4 - null, d5 - null, d6 - null, d7 - null, d8 - null], [e1 - null, e2 - null, e3 - null, e4 - null, e5 - null, e6 - null, e7 - null, e8 - null], [f1 - null, f2 - null, f3 - null, f4 - null, f5 - null, f6 - null, f7 - null, f8 - null], [g1 - null, g2 - null, g3 - null, g4 - null, g5 - null, g6 - null, g7 - null, g8 - null], [h1 - null, h2 - null, h3 - null, h4 - null, h5 - null, h6 - null, h7 - null, h8 - null]] in Board.
2021-09-03 11:49:50 - game.board - DEBUG - board : 46 - Set move to None in Board.
2021-09-03 11:49:50 - game.board - DEBUG - board : 46 - Set en_passant_square to None in Board.
2021-09-03 11:49:50 - game.board - DEBUG - board : 46 - Set half_moves to None in Board.
2021-09-03 11:49:50 - game.board - DEBUG - board : 46 - Set full_moves to None in Board.
2021-09-03 11:49:50 - game.board - DEBUG - board : 46 - Set move to 1 in Board.
2021-09-03 11:49:50 - game.board - DEBUG - board : 46 - Set en_passant_square to None in Board.
2021-09-03 11:49:50 - game.board - DEBUG - board : 46 - Set half_moves to 0 in Board.
2021-09-03 11:49:50 - game.board - DEBUG - board : 46 - Set full_moves to 1 in Board.
2021-09-03 11:49:50 - game.square - DEBUG - square : 41 - Set piece to None in Square on pos a8.
2021-09-03 11:49:50 - game.square - DEBUG - square : 41 - Set piece to r in Square on pos a8.
2021-09-03 11:49:50 - game.square - DEBUG - square : 41 - Set piece to None in Square on pos b8.
2021-09-03 11:49:50 - game.square - DEBUG - square : 41 - Set piece to n in Square on pos b8.
2021-09-03 11:49:50 - game.square - DEBUG - square : 41 - Set piece to None in Square on pos c8.
2021-09-03 11:49:50 - game.square - DEBUG - square : 41 - Set piece to b in Square on pos c8.
2021-09-03 11:49:50 - game.square - DEBUG - square : 41 - Set piece to None in Square on pos d8.
2021-09-03 11:49:50 - game.square - DEBUG - square : 41 - Set piece to q in Square on pos d8.
2021-09-03 11:49:50 - game.square - DEBUG - square : 41 - Set piece to None in Square on pos e8.
2021-09-03 11:49:50 - game.square - DEBUG - square : 41 - Set piece to k in Square on pos e8.
2021-09-03 11:49:50 - game.square - DEBUG - square : 41 - Set piece to None in Square on pos f8.
2021-09-03 11:49:50 - game.square - DEBUG - square : 41 - Set piece to b in Square on pos f8.
2021-09-03 11:49:50 - game.square - DEBUG - square : 41 - Set piece to None in Square on pos g8.
2021-09-03 11:49:50 - game.square - DEBUG - square : 41 - Set piece to n in Square on pos g8.
2021-09-03 11:49:50 - game.square - DEBUG - square : 41 - Set piece to None in Square on pos h8.
2021-09-03 11:49:50 - game.square - DEBUG - square : 41 - Set piece to r in Square on pos h8.
2021-09-03 11:49:50 - game.square - DEBUG - square : 41 - Set piece to None in Square on pos a7.
2021-09-03 11:49:50 - game.square - DEBUG - square : 41 - Set piece to p in Square on pos a7.
2021-09-03 11:49:50 - game.square - DEBUG - square : 41 - Set piece to None in Square on pos b7.
2021-09-03 11:49:50 - game.square - DEBUG - square : 41 - Set piece to p in Square on pos b7.
2021-09-03 11:49:50 - game.square - DEBUG - square : 41 - Set piece to None in Square on pos c7.
2021-09-03 11:49:50 - game.square - DEBUG - square : 41 - Set piece to p in Square on pos c7.
2021-09-03 11:49:50 - game.square - DEBUG - square : 41 - Set piece to None in Square on pos d7.
2021-09-03 11:49:50 - game.square - DEBUG - square : 41 - Set piece to p in Square on pos d7.
2021-09-03 11:49:50 - game.square - DEBUG - square : 41 - Set piece to None in Square on pos e7.
2021-09-03 11:49:50 - game.square - DEBUG - square : 41 - Set piece to p in Square on pos e7.
2021-09-03 11:49:50 - game.square - DEBUG - square : 41 - Set piece to None in Square on pos f7.
2021-09-03 11:49:50 - game.square - DEBUG - square : 41 - Set piece to p in Square on pos f7.
2021-09-03 11:49:50 - game.square - DEBUG - square : 41 - Set piece to None in Square on pos g7.
2021-09-03 11:49:50 - game.square - DEBUG - square : 41 - Set piece to p in Square on pos g7.
2021-09-03 11:49:50 - game.square - DEBUG - square : 41 - Set piece to None in Square on pos h7.
2021-09-03 11:49:50 - game.square - DEBUG - square : 41 - Set piece to p in Square on pos h7.
2021-09-03 11:49:50 - game.square - DEBUG - square : 41 - Set piece to None in Square on pos a2.
2021-09-03 11:49:50 - game.square - DEBUG - square : 41 - Set piece to P in Square on pos a2.
2021-09-03 11:49:50 - game.square - DEBUG - square : 41 - Set piece to None in Square on pos b2.
2021-09-03 11:49:50 - game.square - DEBUG - square : 41 - Set piece to P in Square on pos b2.
2021-09-03 11:49:50 - game.square - DEBUG - square : 41 - Set piece to None in Square on pos c2.
2021-09-03 11:49:50 - game.square - DEBUG - square : 41 - Set piece to P in Square on pos c2.
2021-09-03 11:49:50 - game.square - DEBUG - square : 41 - Set piece to None in Square on pos d2.
2021-09-03 11:49:50 - game.square - DEBUG - square : 41 - Set piece to P in Square on pos d2.
2021-09-03 11:49:50 - game.square - DEBUG - square : 41 - Set piece to None in Square on pos e2.
2021-09-03 11:49:50 - game.square - DEBUG - square : 41 - Set piece to P in Square on pos e2.
2021-09-03 11:49:50 - game.square - DEBUG - square : 41 - Set piece to None in Square on pos f2.
2021-09-03 11:49:50 - game.square - DEBUG - square : 41 - Set piece to P in Square on pos f2.
2021-09-03 11:49:50 - game.square - DEBUG - square : 41 - Set piece to None in Square on pos g2.
2021-09-03 11:49:50 - game.square - DEBUG - square : 41 - Set piece to P in Square on pos g2.
2021-09-03 11:49:50 - game.square - DEBUG - square : 41 - Set piece to None in Square on pos h2.
2021-09-03 11:49:50 - game.square - DEBUG - square : 41 - Set piece to P in Square on pos h2.
2021-09-03 11:49:50 - game.square - DEBUG - square : 41 - Set piece to None in Square on pos a1.
2021-09-03 11:49:50 - game.square - DEBUG - square : 41 - Set piece to R in Square on pos a1.
2021-09-03 11:49:50 - game.square - DEBUG - square : 41 - Set piece to None in Square on pos b1.
2021-09-03 11:49:50 - game.square - DEBUG - square : 41 - Set piece to N in Square on pos b1.
2021-09-03 11:49:50 - game.square - DEBUG - square : 41 - Set piece to None in Square on pos c1.
2021-09-03 11:49:50 - game.square - DEBUG - square : 41 - Set piece to B in Square on pos c1.
2021-09-03 11:49:50 - game.square - DEBUG - square : 41 - Set piece to None in Square on pos d1.
2021-09-03 11:49:50 - game.square - DEBUG - square : 41 - Set piece to Q in Square on pos d1.
2021-09-03 11:49:50 - game.square - DEBUG - square : 41 - Set piece to None in Square on pos e1.
2021-09-03 11:49:50 - game.square - DEBUG - square : 41 - Set piece to K in Square on pos e1.
2021-09-03 11:49:50 - game.square - DEBUG - square : 41 - Set piece to None in Square on pos f1.
2021-09-03 11:49:50 - game.square - DEBUG - square : 41 - Set piece to B in Square on pos f1.
2021-09-03 11:49:50 - game.square - DEBUG - square : 41 - Set piece to None in Square on pos g1.
2021-09-03 11:49:50 - game.square - DEBUG - square : 41 - Set piece to N in Square on pos g1.
2021-09-03 11:49:50 - game.square - DEBUG - square : 41 - Set piece to None in Square on pos h1.
2021-09-03 11:49:50 - game.square - DEBUG - square : 41 - Set piece to R in Square on pos h1.
